16:16:38 **** Incremental Build of configuration Release for project DonutHeaven ****
"C:\\dataP\\Tools\\Eclipse\\eclipseArduino\\arduinoPlugin\\tools\\make\\make" all 
'Building file: ../.ino.cpp'
'Starting C++ compile'
"C:\dataP\Tools\Eclipse\eclipseArduino\arduinoPlugin\tools\arduino\avr-gcc\4.8.1-arduino5/bin/avr-g++" -c -g -Os -std=gnu++11 -fno-exceptions -ffunction-sections -fdata-sections -fno-threadsafe-statics -MMD -mmcu=atmega328p -DF_CPU=16000000L -DARDUINO=10606 -DARDUINO_AVR_NANO -DARDUINO_ARCH_AVR     -I"C:\dataP\Tools\Eclipse\eclipseArduino\arduinoPlugin\packages\arduino\hardware\avr\1.6.9\cores\arduino" -I"C:\dataP\Tools\Eclipse\eclipseArduino\arduinoPlugin\packages\arduino\hardware\avr\1.6.9\variants\eightanaloginputs" -I"C:\dataP\ws_git\arduino-projects\libraries\Adafruit_NeoPixel" -MMD -MP -MF".ino.cpp.d" -MT".ino.cpp.o" -D__IN_ECLIPSE__=1 -x c++ "../.ino.cpp"  -o  ".ino.cpp.o"   -Wall
'Finished building: ../.ino.cpp'
' '
'Starting combiner'
"C:\dataP\Tools\Eclipse\eclipseArduino\arduinoPlugin\tools\arduino\avr-gcc\4.8.1-arduino5/bin/avr-gcc" -Os -Wl,--gc-sections -mmcu=atmega328p  -o "C:/dataP/ws_git/donut_heaven/Arduino/DonutHeaven/Release/DonutHeaven.elf"    ./.ino.cpp.o ./DonutHeaven.cpp.o ./LegLight8.cpp.o  ./libraries/Adafruit_NeoPixel/Adafruit_NeoPixel.cpp.o ./libraries/Adafruit_NeoPixel/esp8266.c.o   arduino.ar     "-LC:/dataP/ws_git/donut_heaven/Arduino/DonutHeaven/Release" -lm
'Finished building: DonutHeaven.elf'
' '
'Create eeprom image'
"C:\dataP\Tools\Eclipse\eclipseArduino\arduinoPlugin\tools\arduino\avr-gcc\4.8.1-arduino5/bin/avr-objcopy" -O ihex -j .eeprom --set-section-flags=.eeprom=alloc,load --no-change-warnings --change-section-lma .eeprom=0  "C:/dataP/ws_git/donut_heaven/Arduino/DonutHeaven/Release/DonutHeaven.elf" "C:/dataP/ws_git/donut_heaven/Arduino/DonutHeaven/Release/DonutHeaven.eep"
'Finished building: DonutHeaven.eep'
' '
'Create Flash image (ihex format)'
"C:\dataP\Tools\Eclipse\eclipseArduino\arduinoPlugin\tools\arduino\avr-gcc\4.8.1-arduino5/bin/avr-objcopy" -O ihex -R .eeprom  "C:/dataP/ws_git/donut_heaven/Arduino/DonutHeaven/Release/DonutHeaven.elf" "C:/dataP/ws_git/donut_heaven/Arduino/DonutHeaven/Release/DonutHeaven.hex"
'Finished building: DonutHeaven.hex'
' '
'Building target: DonutHeaven'
'Printing size:'
"C:\dataP\Tools\Eclipse\eclipseArduino\arduinoPlugin\tools\arduino\avr-gcc\4.8.1-arduino5/bin/avr-size" -A "C:/dataP/ws_git/donut_heaven/Arduino/DonutHeaven/Release/DonutHeaven.elf"
C:/dataP/ws_git/donut_heaven/Arduino/DonutHeaven/Release/DonutHeaven.elf  :
section           size      addr
.data               20   8388864
.text             7020         0
.bss               584   8388884
.comment            17         0
.debug_aranges     928         0
.debug_info      22516         0
.debug_abbrev     4593         0
.debug_line       6770         0
.debug_frame      2956         0
.debug_str        5169         0
.debug_loc       14930         0
.debug_ranges      960         0
Total            66463


'Finished building target: DonutHeaven'
' '

16:16:39 Build Finished (took 1s.60ms)

