18:26:39 **** Clean-only build of configuration Release for project DonutHeaven ****
"C:\\dataP\\Tools\\Eclipse\\eclipseArduino\\arduinoPlugin\\tools\\make\\make" clean 
rm -f  ./libraries/Adafruit_NeoPixel/esp8266.c.d  ./core/WInterrupts.c.d ./core/hooks.c.d ./core/wiring.c.d ./core/wiring_analog.c.d ./core/wiring_digital.c.d ./core/wiring_pulse.c.d ./core/wiring_shift.c.d  arduino.ar  NeopixelGetaway.eep  NeopixelGetaway.hex  ./core/CDC.cpp.o ./core/HardwareSerial.cpp.o ./core/HardwareSerial0.cpp.o ./core/HardwareSerial1.cpp.o ./core/HardwareSerial2.cpp.o ./core/HardwareSerial3.cpp.o ./core/IPAddress.cpp.o ./core/PluggableUSB.cpp.o ./core/Print.cpp.o ./core/Stream.cpp.o ./core/Tone.cpp.o ./core/USBCore.cpp.o ./core/WInterrupts.c.o ./core/WMath.cpp.o ./core/WString.cpp.o ./core/abi.cpp.o ./core/hooks.c.o ./core/main.cpp.o ./core/new.cpp.o ./core/wiring.c.o ./core/wiring_analog.c.o ./core/wiring_digital.c.o ./core/wiring_pulse.S.o ./core/wiring_pulse.c.o ./core/wiring_shift.c.o  ./.ino.cpp.o ./DonutHeaven.cpp.o ./LegLight8.cpp.o ./Rampe.cpp.o ./SpeakerPanel.cpp.o  ./libraries/Adafruit_NeoPixel/Adafruit_NeoPixel.cpp.o ./libraries/Adafruit_NeoPixel/esp8266.c.o  ./NeopixelGetaway.ino.d  ./core/wiring_pulse.S.d  NeopixelGetaway.elf  ./.ino.cpp.d ./DonutHeaven.cpp.d ./LegLight8.cpp.d ./Rampe.cpp.d ./SpeakerPanel.cpp.d  ./libraries/Adafruit_NeoPixel/Adafruit_NeoPixel.cpp.d  ./core/CDC.cpp.d ./core/HardwareSerial.cpp.d ./core/HardwareSerial0.cpp.d ./core/HardwareSerial1.cpp.d ./core/HardwareSerial2.cpp.d ./core/HardwareSerial3.cpp.d ./core/IPAddress.cpp.d ./core/PluggableUSB.cpp.d ./core/Print.cpp.d ./core/Stream.cpp.d ./core/Tone.cpp.d ./core/USBCore.cpp.d ./core/WMath.cpp.d ./core/WString.cpp.d ./core/abi.cpp.d ./core/main.cpp.d ./core/new.cpp.d  NeopixelGetaway
makefile:102: recipe for target 'clean' failed
process_begin: CreateProcess(NULL, rm -f ./libraries/Adafruit_NeoPixel/esp8266.c.d ./core/WInterrupts.c.d ./core/hooks.c.d ./core/wiring.c.d ./core/wiring_analog.c.d ./core/wiring_digital.c.d ./core/wiring_pulse.c.d ./core/wiring_shift.c.d arduino.ar NeopixelGetaway.eep NeopixelGetaway.hex ./core/CDC.cpp.o ./core/HardwareSerial.cpp.o ./core/HardwareSerial0.cpp.o ./core/HardwareSerial1.cpp.o ./core/HardwareSerial2.cpp.o ./core/HardwareSerial3.cpp.o ./core/IPAddress.cpp.o ./core/PluggableUSB.cpp.o ./core/Print.cpp.o ./core/Stream.cpp.o ./core/Tone.cpp.o ./core/USBCore.cpp.o ./core/WInterrupts.c.o ./core/WMath.cpp.o ./core/WString.cpp.o ./core/abi.cpp.o ./core/hooks.c.o ./core/main.cpp.o ./core/new.cpp.o ./core/wiring.c.o ./core/wiring_analog.c.o ./core/wiring_digital.c.o ./core/wiring_pulse.S.o ./core/wiring_pulse.c.o ./core/wiring_shift.c.o ./.ino.cpp.o ./DonutHeaven.cpp.o ./LegLight8.cpp.o ./Rampe.cpp.o ./SpeakerPanel.cpp.o ./libraries/Adafruit_NeoPixel/Adafruit_NeoPixel.cpp.o ./libraries/Adafruit_NeoPixel/esp8266.c.o ./NeopixelGetaway.ino.d ./core/wiring_pulse.S.d NeopixelGetaway.elf ./.ino.cpp.d ./DonutHeaven.cpp.d ./LegLight8.cpp.d ./Rampe.cpp.d ./SpeakerPanel.cpp.d ./libraries/Adafruit_NeoPixel/Adafruit_NeoPixel.cpp.d ./core/CDC.cpp.d ./core/HardwareSerial.cpp.d ./core/HardwareSerial0.cpp.d ./core/HardwareSerial1.cpp.d ./core/HardwareSerial2.cpp.d ./core/HardwareSerial3.cpp.d ./core/IPAddress.cpp.d ./core/PluggableUSB.cpp.d ./core/Print.cpp.d ./core/Stream.cpp.d ./core/Tone.cpp.d ./core/USBCore.cpp.d ./core/WMath.cpp.d ./core/WString.cpp.d ./core/abi.cpp.d ./core/main.cpp.d ./core/new.cpp.d NeopixelGetaway, ...) failed.
make (e=2): Das System kann die angegebene Datei nicht finden.

make: [clean] Error 2 (ignored)
' '
18:26:41 **** Build of configuration Release for project DonutHeaven ****
"C:\\dataP\\Tools\\Eclipse\\eclipseArduino\\arduinoPlugin\\tools\\make\\make" all 
'Building file: ../.ino.cpp'
'Starting C++ compile'
"C:\dataP\Tools\Eclipse\eclipseArduino\arduinoPlugin\tools\arduino\avr-gcc\4.8.1-arduino5/bin/avr-g++" -c -g -Os -std=gnu++11 -fno-exceptions -ffunction-sections -fdata-sections -fno-threadsafe-statics -MMD -mmcu=atmega328p -DF_CPU=16000000L -DARDUINO=10606 -DARDUINO_AVR_UNO -DARDUINO_ARCH_AVR     -I"C:\dataP\Tools\Eclipse\eclipseArduino\arduinoPlugin\packages\arduino\hardware\avr\1.6.9\cores\arduino" -I"C:\dataP\Tools\Eclipse\eclipseArduino\arduinoPlugin\packages\arduino\hardware\avr\1.6.9\variants\standard" -I"C:\dataP\ws_git\arduino-projects\libraries\Adafruit_NeoPixel" -MMD -MP -MF".ino.cpp.d" -MT".ino.cpp.o" -D__IN_ECLIPSE__=1 -x c++ "../.ino.cpp"  -o  ".ino.cpp.o"   -Wall
'Finished building: ../.ino.cpp'
' '
'Building file: ../DonutHeaven.cpp'
'Starting C++ compile'
"C:\dataP\Tools\Eclipse\eclipseArduino\arduinoPlugin\tools\arduino\avr-gcc\4.8.1-arduino5/bin/avr-g++" -c -g -Os -std=gnu++11 -fno-exceptions -ffunction-sections -fdata-sections -fno-threadsafe-statics -MMD -mmcu=atmega328p -DF_CPU=16000000L -DARDUINO=10606 -DARDUINO_AVR_UNO -DARDUINO_ARCH_AVR     -I"C:\dataP\Tools\Eclipse\eclipseArduino\arduinoPlugin\packages\arduino\hardware\avr\1.6.9\cores\arduino" -I"C:\dataP\Tools\Eclipse\eclipseArduino\arduinoPlugin\packages\arduino\hardware\avr\1.6.9\variants\standard" -I"C:\dataP\ws_git\arduino-projects\libraries\Adafruit_NeoPixel" -MMD -MP -MF"DonutHeaven.cpp.d" -MT"DonutHeaven.cpp.o" -D__IN_ECLIPSE__=1 -x c++ "../DonutHeaven.cpp"  -o  "DonutHeaven.cpp.o"   -Wall
../DonutHeaven.cpp: In member function 'void DonutHeaven::drawFlashingDonut(int)':
../DonutHeaven.cpp:43:39: warning: comparison between signed and unsigned integer expressions [-Wsign-compare]
   for (int i = 0; i < strip.numPixels(); i++) {
                                       ^
../DonutHeaven.cpp: In member function 'void DonutHeaven::drawWheel(int)':
../DonutHeaven.cpp:60:38: warning: comparison between signed and unsigned integer expressions [-Wsign-compare]
  for (int i = 0; i < strip.numPixels(); i++) {
                                      ^
../DonutHeaven.cpp: In member function 'void DonutHeaven::drawWheelColorful(int)':
../DonutHeaven.cpp:70:38: warning: comparison between signed and unsigned integer expressions [-Wsign-compare]
  for (int i = 0; i < strip.numPixels(); i++) {
                                      ^
../DonutHeaven.cpp: In member function 'void DonutHeaven::drawWheelAllColors(int)':
../DonutHeaven.cpp:80:38: warning: comparison between signed and unsigned integer expressions [-Wsign-compare]
  for (int i = 0; i < strip.numPixels(); i++) {
                                      ^
../DonutHeaven.cpp: In member function 'void DonutHeaven::drawLauflichtRandomColor(int)':
../DonutHeaven.cpp:89:40: warning: comparison between signed and unsigned integer expressions [-Wsign-compare]
   if (lauflichtStep == strip.numPixels()) {
                                        ^
../DonutHeaven.cpp:93:39: warning: comparison between signed and unsigned integer expressions [-Wsign-compare]
   for (int i = 0; i < strip.numPixels(); i++) {
                                       ^
../DonutHeaven.cpp: In member function 'void DonutHeaven::drawLetterLauflichtSmooth(int)':
../DonutHeaven.cpp:124:40: warning: comparison between signed and unsigned integer expressions [-Wsign-compare]
   if (lauflichtStep == strip.numPixels()) {
                                        ^
../DonutHeaven.cpp:128:39: warning: comparison between signed and unsigned integer expressions [-Wsign-compare]
   for (int i = 0; i < strip.numPixels(); i++) {
                                       ^
../DonutHeaven.cpp: In member function 'void DonutHeaven::drawBarGraphWheeled(int)':
../DonutHeaven.cpp:261:40: warning: comparison between signed and unsigned integer expressions [-Wsign-compare]
   if (lauflichtStep == strip.numPixels()) {
                                        ^
../DonutHeaven.cpp:267:39: warning: comparison between signed and unsigned integer expressions [-Wsign-compare]
   for (int i = 0; i < strip.numPixels(); i++) {
                                       ^
../DonutHeaven.cpp: In member function 'void DonutHeaven::drawBarGraphWheeledColorfull(int)':
../DonutHeaven.cpp:288:39: warning: comparison between signed and unsigned integer expressions [-Wsign-compare]
   for (int i = 0; i < strip.numPixels(); i++) {
                                       ^
../DonutHeaven.cpp:289:55: warning: comparison between signed and unsigned integer expressions [-Wsign-compare]
    if (i <= lauflichtStep || i >= strip.numPixels() - lauflichtStep) {
                                                       ^
'Finished building: ../DonutHeaven.cpp'
' '
'Starting combiner'
"C:\dataP\Tools\Eclipse\eclipseArduino\arduinoPlugin\tools\arduino\avr-gcc\4.8.1-arduino5/bin/avr-gcc" -Os -Wl,--gc-sections -mmcu=atmega328p  -o "C:/dataP/ws_git/donut_heaven/Arduino/DonutHeaven/Release/DonutHeaven.elf"    ./.ino.cpp.o ./DonutHeaven.cpp.o ./LegLight8.cpp.o ./Rampe.cpp.o ./SpeakerPanel.cpp.o  ./libraries/Adafruit_NeoPixel/Adafruit_NeoPixel.cpp.o ./libraries/Adafruit_NeoPixel/esp8266.c.o   arduino.ar     "-LC:/dataP/ws_git/donut_heaven/Arduino/DonutHeaven/Release" -lm
'Finished building: DonutHeaven.elf'
' '
'Create eeprom image'
"C:\dataP\Tools\Eclipse\eclipseArduino\arduinoPlugin\tools\arduino\avr-gcc\4.8.1-arduino5/bin/avr-objcopy" -O ihex -j .eeprom --set-section-flags=.eeprom=alloc,load --no-change-warnings --change-section-lma .eeprom=0  "C:/dataP/ws_git/donut_heaven/Arduino/DonutHeaven/Release/DonutHeaven.elf" "C:/dataP/ws_git/donut_heaven/Arduino/DonutHeaven/Release/DonutHeaven.eep"
'Finished building: DonutHeaven.eep'
' '
'Create Flash image (ihex format)'
"C:\dataP\Tools\Eclipse\eclipseArduino\arduinoPlugin\tools\arduino\avr-gcc\4.8.1-arduino5/bin/avr-objcopy" -O ihex -R .eeprom  "C:/dataP/ws_git/donut_heaven/Arduino/DonutHeaven/Release/DonutHeaven.elf" "C:/dataP/ws_git/donut_heaven/Arduino/DonutHeaven/Release/DonutHeaven.hex"
'Finished building: DonutHeaven.hex'
' '
'Building target: DonutHeaven'
'Printing size:'
"C:\dataP\Tools\Eclipse\eclipseArduino\arduinoPlugin\tools\arduino\avr-gcc\4.8.1-arduino5/bin/avr-size" -A "C:/dataP/ws_git/donut_heaven/Arduino/DonutHeaven/Release/DonutHeaven.elf"
C:/dataP/ws_git/donut_heaven/Arduino/DonutHeaven/Release/DonutHeaven.elf  :
section            size      addr
.data                50   8388864
.text             10608         0
.bss                711   8388914
.comment             17         0
.debug_aranges     1312         0
.debug_info       37252         0
.debug_abbrev      6304         0
.debug_line        9612         0
.debug_frame       4528         0
.debug_str         7155         0
.debug_loc        22389         0
.debug_ranges      1400         0
Total            101338


'Finished building target: DonutHeaven'
' '
18:29:32 **** Incremental Build of configuration Release for project DonutHeaven ****
"C:\\dataP\\Tools\\Eclipse\\eclipseArduino\\arduinoPlugin\\tools\\make\\make" all 
'Building file: ../.ino.cpp'
'Starting C++ compile'
"C:\dataP\Tools\Eclipse\eclipseArduino\arduinoPlugin\tools\arduino\avr-gcc\4.8.1-arduino5/bin/avr-g++" -c -g -Os -std=gnu++11 -fno-exceptions -ffunction-sections -fdata-sections -fno-threadsafe-statics -MMD -mmcu=atmega328p -DF_CPU=16000000L -DARDUINO=10606 -DARDUINO_AVR_NANO -DARDUINO_ARCH_AVR     -I"C:\dataP\Tools\Eclipse\eclipseArduino\arduinoPlugin\packages\arduino\hardware\avr\1.6.9\cores\arduino" -I"C:\dataP\Tools\Eclipse\eclipseArduino\arduinoPlugin\packages\arduino\hardware\avr\1.6.9\variants\eightanaloginputs" -I"C:\dataP\ws_git\arduino-projects\libraries\Adafruit_NeoPixel" -MMD -MP -MF".ino.cpp.d" -MT".ino.cpp.o" -D__IN_ECLIPSE__=1 -x c++ "../.ino.cpp"  -o  ".ino.cpp.o"   -Wall
'Finished building: ../.ino.cpp'
' '
'Building file: ../DonutHeaven.cpp'
'Starting C++ compile'
"C:\dataP\Tools\Eclipse\eclipseArduino\arduinoPlugin\tools\arduino\avr-gcc\4.8.1-arduino5/bin/avr-g++" -c -g -Os -std=gnu++11 -fno-exceptions -ffunction-sections -fdata-sections -fno-threadsafe-statics -MMD -mmcu=atmega328p -DF_CPU=16000000L -DARDUINO=10606 -DARDUINO_AVR_NANO -DARDUINO_ARCH_AVR     -I"C:\dataP\Tools\Eclipse\eclipseArduino\arduinoPlugin\packages\arduino\hardware\avr\1.6.9\cores\arduino" -I"C:\dataP\Tools\Eclipse\eclipseArduino\arduinoPlugin\packages\arduino\hardware\avr\1.6.9\variants\eightanaloginputs" -I"C:\dataP\ws_git\arduino-projects\libraries\Adafruit_NeoPixel" -MMD -MP -MF"DonutHeaven.cpp.d" -MT"DonutHeaven.cpp.o" -D__IN_ECLIPSE__=1 -x c++ "../DonutHeaven.cpp"  -o  "DonutHeaven.cpp.o"   -Wall
../DonutHeaven.cpp: In member function 'void DonutHeaven::drawFlashingDonut(int)':
../DonutHeaven.cpp:43:39: warning: comparison between signed and unsigned integer expressions [-Wsign-compare]
   for (int i = 0; i < strip.numPixels(); i++) {
                                       ^
../DonutHeaven.cpp: In member function 'void DonutHeaven::drawWheel(int)':
../DonutHeaven.cpp:60:38: warning: comparison between signed and unsigned integer expressions [-Wsign-compare]
  for (int i = 0; i < strip.numPixels(); i++) {
                                      ^
../DonutHeaven.cpp: In member function 'void DonutHeaven::drawWheelColorful(int)':
../DonutHeaven.cpp:70:38: warning: comparison between signed and unsigned integer expressions [-Wsign-compare]
  for (int i = 0; i < strip.numPixels(); i++) {
                                      ^
../DonutHeaven.cpp: In member function 'void DonutHeaven::drawWheelAllColors(int)':
../DonutHeaven.cpp:80:38: warning: comparison between signed and unsigned integer expressions [-Wsign-compare]
  for (int i = 0; i < strip.numPixels(); i++) {
                                      ^
../DonutHeaven.cpp: In member function 'void DonutHeaven::drawLauflichtRandomColor(int)':
../DonutHeaven.cpp:89:40: warning: comparison between signed and unsigned integer expressions [-Wsign-compare]
   if (lauflichtStep == strip.numPixels()) {
                                        ^
../DonutHeaven.cpp:93:39: warning: comparison between signed and unsigned integer expressions [-Wsign-compare]
   for (int i = 0; i < strip.numPixels(); i++) {
                                       ^
../DonutHeaven.cpp: In member function 'void DonutHeaven::drawLetterLauflichtSmooth(int)':
../DonutHeaven.cpp:124:40: warning: comparison between signed and unsigned integer expressions [-Wsign-compare]
   if (lauflichtStep == strip.numPixels()) {
                                        ^
../DonutHeaven.cpp:128:39: warning: comparison between signed and unsigned integer expressions [-Wsign-compare]
   for (int i = 0; i < strip.numPixels(); i++) {
                                       ^
../DonutHeaven.cpp: In member function 'void DonutHeaven::drawBarGraphWheeled(int)':
../DonutHeaven.cpp:261:40: warning: comparison between signed and unsigned integer expressions [-Wsign-compare]
   if (lauflichtStep == strip.numPixels()) {
                                        ^
../DonutHeaven.cpp:267:39: warning: comparison between signed and unsigned integer expressions [-Wsign-compare]
   for (int i = 0; i < strip.numPixels(); i++) {
                                       ^
../DonutHeaven.cpp: In member function 'void DonutHeaven::drawBarGraphWheeledColorfull(int)':
../DonutHeaven.cpp:288:39: warning: comparison between signed and unsigned integer expressions [-Wsign-compare]
   for (int i = 0; i < strip.numPixels(); i++) {
                                       ^
../DonutHeaven.cpp:289:55: warning: comparison between signed and unsigned integer expressions [-Wsign-compare]
    if (i <= lauflichtStep || i >= strip.numPixels() - lauflichtStep) {
                                                       ^
'Finished building: ../DonutHeaven.cpp'
' '
'Building file: C:/dataP/ws_git/arduino-projects/libraries/Adafruit_NeoPixel/Adafruit_NeoPixel.cpp'
'Starting C++ compile'
"C:\dataP\Tools\Eclipse\eclipseArduino\arduinoPlugin\tools\arduino\avr-gcc\4.8.1-arduino5/bin/avr-g++" -c -g -Os -std=gnu++11 -fno-exceptions -ffunction-sections -fdata-sections -fno-threadsafe-statics -MMD -mmcu=atmega328p -DF_CPU=16000000L -DARDUINO=10606 -DARDUINO_AVR_NANO -DARDUINO_ARCH_AVR     -I"C:\dataP\Tools\Eclipse\eclipseArduino\arduinoPlugin\packages\arduino\hardware\avr\1.6.9\cores\arduino" -I"C:\dataP\Tools\Eclipse\eclipseArduino\arduinoPlugin\packages\arduino\hardware\avr\1.6.9\variants\eightanaloginputs" -I"C:\dataP\ws_git\arduino-projects\libraries\Adafruit_NeoPixel" -MMD -MP -MF"libraries/Adafruit_NeoPixel/Adafruit_NeoPixel.cpp.d" -MT"libraries/Adafruit_NeoPixel/Adafruit_NeoPixel.cpp.o" -D__IN_ECLIPSE__=1 -x c++ "C:/dataP/ws_git/arduino-projects/libraries/Adafruit_NeoPixel/Adafruit_NeoPixel.cpp"  -o  "libraries/Adafruit_NeoPixel/Adafruit_NeoPixel.cpp.o"   -Wall
In file included from C:/dataP/ws_git/arduino-projects/libraries/Adafruit_NeoPixel/Adafruit_NeoPixel.cpp:35:0:
C:/dataP/ws_git/arduino-projects/libraries/Adafruit_NeoPixel/Adafruit_NeoPixel.h: In constructor 'Adafruit_NeoPixel::Adafruit_NeoPixel(uint16_t, uint8_t, neoPixelType)':
C:/dataP/ws_git/arduino-projects/libraries/Adafruit_NeoPixel/Adafruit_NeoPixel.h:169:5: warning: 'Adafruit_NeoPixel::endTime' will be initialized after [-Wreorder]
     endTime;       // Latch timing reference
     ^
C:/dataP/ws_git/arduino-projects/libraries/Adafruit_NeoPixel/Adafruit_NeoPixel.h:155:5: warning:   'boolean Adafruit_NeoPixel::begun' [-Wreorder]
     begun;         // true if begin() previously called
     ^
C:/dataP/ws_git/arduino-projects/libraries/Adafruit_NeoPixel/Adafruit_NeoPixel.cpp:38:1: warning:   when initialized here [-Wreorder]
 Adafruit_NeoPixel::Adafruit_NeoPixel(uint16_t n, uint8_t p, neoPixelType t) :
 ^
In file included from C:/dataP/ws_git/arduino-projects/libraries/Adafruit_NeoPixel/Adafruit_NeoPixel.cpp:35:0:
C:/dataP/ws_git/arduino-projects/libraries/Adafruit_NeoPixel/Adafruit_NeoPixel.h: In constructor 'Adafruit_NeoPixel::Adafruit_NeoPixel()':
C:/dataP/ws_git/arduino-projects/libraries/Adafruit_NeoPixel/Adafruit_NeoPixel.h:169:5: warning: 'Adafruit_NeoPixel::endTime' will be initialized after [-Wreorder]
     endTime;       // Latch timing reference
     ^
C:/dataP/ws_git/arduino-projects/libraries/Adafruit_NeoPixel/Adafruit_NeoPixel.h:155:5: warning:   'boolean Adafruit_NeoPixel::begun' [-Wreorder]
     begun;         // true if begin() previously called
     ^
C:/dataP/ws_git/arduino-projects/libraries/Adafruit_NeoPixel/Adafruit_NeoPixel.cpp:51:1: warning:   when initialized here [-Wreorder]
 Adafruit_NeoPixel::Adafruit_NeoPixel() :
 ^
In file included from C:/dataP/ws_git/arduino-projects/libraries/Adafruit_NeoPixel/Adafruit_NeoPixel.cpp:35:0:
C:/dataP/ws_git/arduino-projects/libraries/Adafruit_NeoPixel/Adafruit_NeoPixel.h:167:5: warning: 'Adafruit_NeoPixel::wOffset' will be initialized after [-Wreorder]
     wOffset;       // Index of white byte (same as rOffset if no white)
     ^
C:/dataP/ws_git/arduino-projects/libraries/Adafruit_NeoPixel/Adafruit_NeoPixel.h:153:5: warning:   'boolean Adafruit_NeoPixel::is800KHz' [-Wreorder]
     is800KHz,      // ...true if 800 KHz pixels
     ^
C:/dataP/ws_git/arduino-projects/libraries/Adafruit_NeoPixel/Adafruit_NeoPixel.cpp:51:1: warning:   when initialized here [-Wreorder]
 Adafruit_NeoPixel::Adafruit_NeoPixel() :
 ^
'Finished building: C:/dataP/ws_git/arduino-projects/libraries/Adafruit_NeoPixel/Adafruit_NeoPixel.cpp'
' '
'Building file: C:/dataP/ws_git/arduino-projects/libraries/Adafruit_NeoPixel/esp8266.c'
'Starting C compile'
"C:\dataP\Tools\Eclipse\eclipseArduino\arduinoPlugin\tools\arduino\avr-gcc\4.8.1-arduino5/bin/avr-gcc" -c -g -Os -std=gnu11 -ffunction-sections -fdata-sections -MMD -mmcu=atmega328p -DF_CPU=16000000L -DARDUINO=10606 -DARDUINO_AVR_NANO -DARDUINO_ARCH_AVR     -I"C:\dataP\Tools\Eclipse\eclipseArduino\arduinoPlugin\packages\arduino\hardware\avr\1.6.9\cores\arduino" -I"C:\dataP\Tools\Eclipse\eclipseArduino\arduinoPlugin\packages\arduino\hardware\avr\1.6.9\variants\eightanaloginputs" -I"C:\dataP\ws_git\arduino-projects\libraries\Adafruit_NeoPixel" -MMD -MP -MF"libraries/Adafruit_NeoPixel/esp8266.c.d" -MT"libraries/Adafruit_NeoPixel/esp8266.c.o" -D__IN_ECLIPSE__=1 "C:/dataP/ws_git/arduino-projects/libraries/Adafruit_NeoPixel/esp8266.c"  -o  "libraries/Adafruit_NeoPixel/esp8266.c.o"   -Wall
'Finished building: C:/dataP/ws_git/arduino-projects/libraries/Adafruit_NeoPixel/esp8266.c'
' '
'Building file: C:/dataP/Tools/Eclipse/eclipseArduino/arduinoPlugin/packages/arduino/hardware/avr/1.6.9/cores/arduino/CDC.cpp'
'Starting C++ compile'
"C:\dataP\Tools\Eclipse\eclipseArduino\arduinoPlugin\tools\arduino\avr-gcc\4.8.1-arduino5/bin/avr-g++" -c -g -Os -std=gnu++11 -fno-exceptions -ffunction-sections -fdata-sections -fno-threadsafe-statics -MMD -mmcu=atmega328p -DF_CPU=16000000L -DARDUINO=10606 -DARDUINO_AVR_NANO -DARDUINO_ARCH_AVR     -I"C:\dataP\Tools\Eclipse\eclipseArduino\arduinoPlugin\packages\arduino\hardware\avr\1.6.9\cores\arduino" -I"C:\dataP\Tools\Eclipse\eclipseArduino\arduinoPlugin\packages\arduino\hardware\avr\1.6.9\variants\eightanaloginputs" -I"C:\dataP\ws_git\arduino-projects\libraries\Adafruit_NeoPixel" -MMD -MP -MF"core/CDC.cpp.d" -MT"core/CDC.cpp.o" -D__IN_ECLIPSE__=1 -x c++ "C:/dataP/Tools/Eclipse/eclipseArduino/arduinoPlugin/packages/arduino/hardware/avr/1.6.9/cores/arduino/CDC.cpp"  -o  "core/CDC.cpp.o"   -Wall
'Finished building: C:/dataP/Tools/Eclipse/eclipseArduino/arduinoPlugin/packages/arduino/hardware/avr/1.6.9/cores/arduino/CDC.cpp'
' '
'Building file: C:/dataP/Tools/Eclipse/eclipseArduino/arduinoPlugin/packages/arduino/hardware/avr/1.6.9/cores/arduino/HardwareSerial.cpp'
'Starting C++ compile'
"C:\dataP\Tools\Eclipse\eclipseArduino\arduinoPlugin\tools\arduino\avr-gcc\4.8.1-arduino5/bin/avr-g++" -c -g -Os -std=gnu++11 -fno-exceptions -ffunction-sections -fdata-sections -fno-threadsafe-statics -MMD -mmcu=atmega328p -DF_CPU=16000000L -DARDUINO=10606 -DARDUINO_AVR_NANO -DARDUINO_ARCH_AVR     -I"C:\dataP\Tools\Eclipse\eclipseArduino\arduinoPlugin\packages\arduino\hardware\avr\1.6.9\cores\arduino" -I"C:\dataP\Tools\Eclipse\eclipseArduino\arduinoPlugin\packages\arduino\hardware\avr\1.6.9\variants\eightanaloginputs" -I"C:\dataP\ws_git\arduino-projects\libraries\Adafruit_NeoPixel" -MMD -MP -MF"core/HardwareSerial.cpp.d" -MT"core/HardwareSerial.cpp.o" -D__IN_ECLIPSE__=1 -x c++ "C:/dataP/Tools/Eclipse/eclipseArduino/arduinoPlugin/packages/arduino/hardware/avr/1.6.9/cores/arduino/HardwareSerial.cpp"  -o  "core/HardwareSerial.cpp.o"   -Wall
'Finished building: C:/dataP/Tools/Eclipse/eclipseArduino/arduinoPlugin/packages/arduino/hardware/avr/1.6.9/cores/arduino/HardwareSerial.cpp'
' '
'Building file: C:/dataP/Tools/Eclipse/eclipseArduino/arduinoPlugin/packages/arduino/hardware/avr/1.6.9/cores/arduino/HardwareSerial0.cpp'
'Starting C++ compile'
"C:\dataP\Tools\Eclipse\eclipseArduino\arduinoPlugin\tools\arduino\avr-gcc\4.8.1-arduino5/bin/avr-g++" -c -g -Os -std=gnu++11 -fno-exceptions -ffunction-sections -fdata-sections -fno-threadsafe-statics -MMD -mmcu=atmega328p -DF_CPU=16000000L -DARDUINO=10606 -DARDUINO_AVR_NANO -DARDUINO_ARCH_AVR     -I"C:\dataP\Tools\Eclipse\eclipseArduino\arduinoPlugin\packages\arduino\hardware\avr\1.6.9\cores\arduino" -I"C:\dataP\Tools\Eclipse\eclipseArduino\arduinoPlugin\packages\arduino\hardware\avr\1.6.9\variants\eightanaloginputs" -I"C:\dataP\ws_git\arduino-projects\libraries\Adafruit_NeoPixel" -MMD -MP -MF"core/HardwareSerial0.cpp.d" -MT"core/HardwareSerial0.cpp.o" -D__IN_ECLIPSE__=1 -x c++ "C:/dataP/Tools/Eclipse/eclipseArduino/arduinoPlugin/packages/arduino/hardware/avr/1.6.9/cores/arduino/HardwareSerial0.cpp"  -o  "core/HardwareSerial0.cpp.o"   -Wall
'Finished building: C:/dataP/Tools/Eclipse/eclipseArduino/arduinoPlugin/packages/arduino/hardware/avr/1.6.9/cores/arduino/HardwareSerial0.cpp'
' '
'Building file: C:/dataP/Tools/Eclipse/eclipseArduino/arduinoPlugin/packages/arduino/hardware/avr/1.6.9/cores/arduino/HardwareSerial1.cpp'
'Starting C++ compile'
"C:\dataP\Tools\Eclipse\eclipseArduino\arduinoPlugin\tools\arduino\avr-gcc\4.8.1-arduino5/bin/avr-g++" -c -g -Os -std=gnu++11 -fno-exceptions -ffunction-sections -fdata-sections -fno-threadsafe-statics -MMD -mmcu=atmega328p -DF_CPU=16000000L -DARDUINO=10606 -DARDUINO_AVR_NANO -DARDUINO_ARCH_AVR     -I"C:\dataP\Tools\Eclipse\eclipseArduino\arduinoPlugin\packages\arduino\hardware\avr\1.6.9\cores\arduino" -I"C:\dataP\Tools\Eclipse\eclipseArduino\arduinoPlugin\packages\arduino\hardware\avr\1.6.9\variants\eightanaloginputs" -I"C:\dataP\ws_git\arduino-projects\libraries\Adafruit_NeoPixel" -MMD -MP -MF"core/HardwareSerial1.cpp.d" -MT"core/HardwareSerial1.cpp.o" -D__IN_ECLIPSE__=1 -x c++ "C:/dataP/Tools/Eclipse/eclipseArduino/arduinoPlugin/packages/arduino/hardware/avr/1.6.9/cores/arduino/HardwareSerial1.cpp"  -o  "core/HardwareSerial1.cpp.o"   -Wall
'Finished building: C:/dataP/Tools/Eclipse/eclipseArduino/arduinoPlugin/packages/arduino/hardware/avr/1.6.9/cores/arduino/HardwareSerial1.cpp'
' '
'Building file: C:/dataP/Tools/Eclipse/eclipseArduino/arduinoPlugin/packages/arduino/hardware/avr/1.6.9/cores/arduino/HardwareSerial2.cpp'
'Starting C++ compile'
"C:\dataP\Tools\Eclipse\eclipseArduino\arduinoPlugin\tools\arduino\avr-gcc\4.8.1-arduino5/bin/avr-g++" -c -g -Os -std=gnu++11 -fno-exceptions -ffunction-sections -fdata-sections -fno-threadsafe-statics -MMD -mmcu=atmega328p -DF_CPU=16000000L -DARDUINO=10606 -DARDUINO_AVR_NANO -DARDUINO_ARCH_AVR     -I"C:\dataP\Tools\Eclipse\eclipseArduino\arduinoPlugin\packages\arduino\hardware\avr\1.6.9\cores\arduino" -I"C:\dataP\Tools\Eclipse\eclipseArduino\arduinoPlugin\packages\arduino\hardware\avr\1.6.9\variants\eightanaloginputs" -I"C:\dataP\ws_git\arduino-projects\libraries\Adafruit_NeoPixel" -MMD -MP -MF"core/HardwareSerial2.cpp.d" -MT"core/HardwareSerial2.cpp.o" -D__IN_ECLIPSE__=1 -x c++ "C:/dataP/Tools/Eclipse/eclipseArduino/arduinoPlugin/packages/arduino/hardware/avr/1.6.9/cores/arduino/HardwareSerial2.cpp"  -o  "core/HardwareSerial2.cpp.o"   -Wall
'Finished building: C:/dataP/Tools/Eclipse/eclipseArduino/arduinoPlugin/packages/arduino/hardware/avr/1.6.9/cores/arduino/HardwareSerial2.cpp'
' '
'Building file: C:/dataP/Tools/Eclipse/eclipseArduino/arduinoPlugin/packages/arduino/hardware/avr/1.6.9/cores/arduino/HardwareSerial3.cpp'
'Starting C++ compile'
"C:\dataP\Tools\Eclipse\eclipseArduino\arduinoPlugin\tools\arduino\avr-gcc\4.8.1-arduino5/bin/avr-g++" -c -g -Os -std=gnu++11 -fno-exceptions -ffunction-sections -fdata-sections -fno-threadsafe-statics -MMD -mmcu=atmega328p -DF_CPU=16000000L -DARDUINO=10606 -DARDUINO_AVR_NANO -DARDUINO_ARCH_AVR     -I"C:\dataP\Tools\Eclipse\eclipseArduino\arduinoPlugin\packages\arduino\hardware\avr\1.6.9\cores\arduino" -I"C:\dataP\Tools\Eclipse\eclipseArduino\arduinoPlugin\packages\arduino\hardware\avr\1.6.9\variants\eightanaloginputs" -I"C:\dataP\ws_git\arduino-projects\libraries\Adafruit_NeoPixel" -MMD -MP -MF"core/HardwareSerial3.cpp.d" -MT"core/HardwareSerial3.cpp.o" -D__IN_ECLIPSE__=1 -x c++ "C:/dataP/Tools/Eclipse/eclipseArduino/arduinoPlugin/packages/arduino/hardware/avr/1.6.9/cores/arduino/HardwareSerial3.cpp"  -o  "core/HardwareSerial3.cpp.o"   -Wall
'Finished building: C:/dataP/Tools/Eclipse/eclipseArduino/arduinoPlugin/packages/arduino/hardware/avr/1.6.9/cores/arduino/HardwareSerial3.cpp'
' '
'Building file: C:/dataP/Tools/Eclipse/eclipseArduino/arduinoPlugin/packages/arduino/hardware/avr/1.6.9/cores/arduino/IPAddress.cpp'
'Starting C++ compile'
"C:\dataP\Tools\Eclipse\eclipseArduino\arduinoPlugin\tools\arduino\avr-gcc\4.8.1-arduino5/bin/avr-g++" -c -g -Os -std=gnu++11 -fno-exceptions -ffunction-sections -fdata-sections -fno-threadsafe-statics -MMD -mmcu=atmega328p -DF_CPU=16000000L -DARDUINO=10606 -DARDUINO_AVR_NANO -DARDUINO_ARCH_AVR     -I"C:\dataP\Tools\Eclipse\eclipseArduino\arduinoPlugin\packages\arduino\hardware\avr\1.6.9\cores\arduino" -I"C:\dataP\Tools\Eclipse\eclipseArduino\arduinoPlugin\packages\arduino\hardware\avr\1.6.9\variants\eightanaloginputs" -I"C:\dataP\ws_git\arduino-projects\libraries\Adafruit_NeoPixel" -MMD -MP -MF"core/IPAddress.cpp.d" -MT"core/IPAddress.cpp.o" -D__IN_ECLIPSE__=1 -x c++ "C:/dataP/Tools/Eclipse/eclipseArduino/arduinoPlugin/packages/arduino/hardware/avr/1.6.9/cores/arduino/IPAddress.cpp"  -o  "core/IPAddress.cpp.o"   -Wall
'Finished building: C:/dataP/Tools/Eclipse/eclipseArduino/arduinoPlugin/packages/arduino/hardware/avr/1.6.9/cores/arduino/IPAddress.cpp'
' '
'Building file: C:/dataP/Tools/Eclipse/eclipseArduino/arduinoPlugin/packages/arduino/hardware/avr/1.6.9/cores/arduino/PluggableUSB.cpp'
'Starting C++ compile'
"C:\dataP\Tools\Eclipse\eclipseArduino\arduinoPlugin\tools\arduino\avr-gcc\4.8.1-arduino5/bin/avr-g++" -c -g -Os -std=gnu++11 -fno-exceptions -ffunction-sections -fdata-sections -fno-threadsafe-statics -MMD -mmcu=atmega328p -DF_CPU=16000000L -DARDUINO=10606 -DARDUINO_AVR_NANO -DARDUINO_ARCH_AVR     -I"C:\dataP\Tools\Eclipse\eclipseArduino\arduinoPlugin\packages\arduino\hardware\avr\1.6.9\cores\arduino" -I"C:\dataP\Tools\Eclipse\eclipseArduino\arduinoPlugin\packages\arduino\hardware\avr\1.6.9\variants\eightanaloginputs" -I"C:\dataP\ws_git\arduino-projects\libraries\Adafruit_NeoPixel" -MMD -MP -MF"core/PluggableUSB.cpp.d" -MT"core/PluggableUSB.cpp.o" -D__IN_ECLIPSE__=1 -x c++ "C:/dataP/Tools/Eclipse/eclipseArduino/arduinoPlugin/packages/arduino/hardware/avr/1.6.9/cores/arduino/PluggableUSB.cpp"  -o  "core/PluggableUSB.cpp.o"   -Wall
'Finished building: C:/dataP/Tools/Eclipse/eclipseArduino/arduinoPlugin/packages/arduino/hardware/avr/1.6.9/cores/arduino/PluggableUSB.cpp'
' '
'Building file: C:/dataP/Tools/Eclipse/eclipseArduino/arduinoPlugin/packages/arduino/hardware/avr/1.6.9/cores/arduino/Print.cpp'
'Starting C++ compile'
"C:\dataP\Tools\Eclipse\eclipseArduino\arduinoPlugin\tools\arduino\avr-gcc\4.8.1-arduino5/bin/avr-g++" -c -g -Os -std=gnu++11 -fno-exceptions -ffunction-sections -fdata-sections -fno-threadsafe-statics -MMD -mmcu=atmega328p -DF_CPU=16000000L -DARDUINO=10606 -DARDUINO_AVR_NANO -DARDUINO_ARCH_AVR     -I"C:\dataP\Tools\Eclipse\eclipseArduino\arduinoPlugin\packages\arduino\hardware\avr\1.6.9\cores\arduino" -I"C:\dataP\Tools\Eclipse\eclipseArduino\arduinoPlugin\packages\arduino\hardware\avr\1.6.9\variants\eightanaloginputs" -I"C:\dataP\ws_git\arduino-projects\libraries\Adafruit_NeoPixel" -MMD -MP -MF"core/Print.cpp.d" -MT"core/Print.cpp.o" -D__IN_ECLIPSE__=1 -x c++ "C:/dataP/Tools/Eclipse/eclipseArduino/arduinoPlugin/packages/arduino/hardware/avr/1.6.9/cores/arduino/Print.cpp"  -o  "core/Print.cpp.o"   -Wall
'Finished building: C:/dataP/Tools/Eclipse/eclipseArduino/arduinoPlugin/packages/arduino/hardware/avr/1.6.9/cores/arduino/Print.cpp'
' '
'Building file: C:/dataP/Tools/Eclipse/eclipseArduino/arduinoPlugin/packages/arduino/hardware/avr/1.6.9/cores/arduino/Stream.cpp'
'Starting C++ compile'
"C:\dataP\Tools\Eclipse\eclipseArduino\arduinoPlugin\tools\arduino\avr-gcc\4.8.1-arduino5/bin/avr-g++" -c -g -Os -std=gnu++11 -fno-exceptions -ffunction-sections -fdata-sections -fno-threadsafe-statics -MMD -mmcu=atmega328p -DF_CPU=16000000L -DARDUINO=10606 -DARDUINO_AVR_NANO -DARDUINO_ARCH_AVR     -I"C:\dataP\Tools\Eclipse\eclipseArduino\arduinoPlugin\packages\arduino\hardware\avr\1.6.9\cores\arduino" -I"C:\dataP\Tools\Eclipse\eclipseArduino\arduinoPlugin\packages\arduino\hardware\avr\1.6.9\variants\eightanaloginputs" -I"C:\dataP\ws_git\arduino-projects\libraries\Adafruit_NeoPixel" -MMD -MP -MF"core/Stream.cpp.d" -MT"core/Stream.cpp.o" -D__IN_ECLIPSE__=1 -x c++ "C:/dataP/Tools/Eclipse/eclipseArduino/arduinoPlugin/packages/arduino/hardware/avr/1.6.9/cores/arduino/Stream.cpp"  -o  "core/Stream.cpp.o"   -Wall
'Finished building: C:/dataP/Tools/Eclipse/eclipseArduino/arduinoPlugin/packages/arduino/hardware/avr/1.6.9/cores/arduino/Stream.cpp'
' '
'Building file: C:/dataP/Tools/Eclipse/eclipseArduino/arduinoPlugin/packages/arduino/hardware/avr/1.6.9/cores/arduino/Tone.cpp'
'Starting C++ compile'
"C:\dataP\Tools\Eclipse\eclipseArduino\arduinoPlugin\tools\arduino\avr-gcc\4.8.1-arduino5/bin/avr-g++" -c -g -Os -std=gnu++11 -fno-exceptions -ffunction-sections -fdata-sections -fno-threadsafe-statics -MMD -mmcu=atmega328p -DF_CPU=16000000L -DARDUINO=10606 -DARDUINO_AVR_NANO -DARDUINO_ARCH_AVR     -I"C:\dataP\Tools\Eclipse\eclipseArduino\arduinoPlugin\packages\arduino\hardware\avr\1.6.9\cores\arduino" -I"C:\dataP\Tools\Eclipse\eclipseArduino\arduinoPlugin\packages\arduino\hardware\avr\1.6.9\variants\eightanaloginputs" -I"C:\dataP\ws_git\arduino-projects\libraries\Adafruit_NeoPixel" -MMD -MP -MF"core/Tone.cpp.d" -MT"core/Tone.cpp.o" -D__IN_ECLIPSE__=1 -x c++ "C:/dataP/Tools/Eclipse/eclipseArduino/arduinoPlugin/packages/arduino/hardware/avr/1.6.9/cores/arduino/Tone.cpp"  -o  "core/Tone.cpp.o"   -Wall
'Finished building: C:/dataP/Tools/Eclipse/eclipseArduino/arduinoPlugin/packages/arduino/hardware/avr/1.6.9/cores/arduino/Tone.cpp'
' '
'Building file: C:/dataP/Tools/Eclipse/eclipseArduino/arduinoPlugin/packages/arduino/hardware/avr/1.6.9/cores/arduino/USBCore.cpp'
'Starting C++ compile'
"C:\dataP\Tools\Eclipse\eclipseArduino\arduinoPlugin\tools\arduino\avr-gcc\4.8.1-arduino5/bin/avr-g++" -c -g -Os -std=gnu++11 -fno-exceptions -ffunction-sections -fdata-sections -fno-threadsafe-statics -MMD -mmcu=atmega328p -DF_CPU=16000000L -DARDUINO=10606 -DARDUINO_AVR_NANO -DARDUINO_ARCH_AVR     -I"C:\dataP\Tools\Eclipse\eclipseArduino\arduinoPlugin\packages\arduino\hardware\avr\1.6.9\cores\arduino" -I"C:\dataP\Tools\Eclipse\eclipseArduino\arduinoPlugin\packages\arduino\hardware\avr\1.6.9\variants\eightanaloginputs" -I"C:\dataP\ws_git\arduino-projects\libraries\Adafruit_NeoPixel" -MMD -MP -MF"core/USBCore.cpp.d" -MT"core/USBCore.cpp.o" -D__IN_ECLIPSE__=1 -x c++ "C:/dataP/Tools/Eclipse/eclipseArduino/arduinoPlugin/packages/arduino/hardware/avr/1.6.9/cores/arduino/USBCore.cpp"  -o  "core/USBCore.cpp.o"   -Wall
'Finished building: C:/dataP/Tools/Eclipse/eclipseArduino/arduinoPlugin/packages/arduino/hardware/avr/1.6.9/cores/arduino/USBCore.cpp'
' '
'Building file: C:/dataP/Tools/Eclipse/eclipseArduino/arduinoPlugin/packages/arduino/hardware/avr/1.6.9/cores/arduino/WInterrupts.c'
'Starting C compile'
"C:\dataP\Tools\Eclipse\eclipseArduino\arduinoPlugin\tools\arduino\avr-gcc\4.8.1-arduino5/bin/avr-gcc" -c -g -Os -std=gnu11 -ffunction-sections -fdata-sections -MMD -mmcu=atmega328p -DF_CPU=16000000L -DARDUINO=10606 -DARDUINO_AVR_NANO -DARDUINO_ARCH_AVR     -I"C:\dataP\Tools\Eclipse\eclipseArduino\arduinoPlugin\packages\arduino\hardware\avr\1.6.9\cores\arduino" -I"C:\dataP\Tools\Eclipse\eclipseArduino\arduinoPlugin\packages\arduino\hardware\avr\1.6.9\variants\eightanaloginputs" -I"C:\dataP\ws_git\arduino-projects\libraries\Adafruit_NeoPixel" -MMD -MP -MF"core/WInterrupts.c.d" -MT"core/WInterrupts.c.o" -D__IN_ECLIPSE__=1 "C:/dataP/Tools/Eclipse/eclipseArduino/arduinoPlugin/packages/arduino/hardware/avr/1.6.9/cores/arduino/WInterrupts.c"  -o  "core/WInterrupts.c.o"   -Wall
'Finished building: C:/dataP/Tools/Eclipse/eclipseArduino/arduinoPlugin/packages/arduino/hardware/avr/1.6.9/cores/arduino/WInterrupts.c'
' '
'Building file: C:/dataP/Tools/Eclipse/eclipseArduino/arduinoPlugin/packages/arduino/hardware/avr/1.6.9/cores/arduino/WMath.cpp'
'Starting C++ compile'
"C:\dataP\Tools\Eclipse\eclipseArduino\arduinoPlugin\tools\arduino\avr-gcc\4.8.1-arduino5/bin/avr-g++" -c -g -Os -std=gnu++11 -fno-exceptions -ffunction-sections -fdata-sections -fno-threadsafe-statics -MMD -mmcu=atmega328p -DF_CPU=16000000L -DARDUINO=10606 -DARDUINO_AVR_NANO -DARDUINO_ARCH_AVR     -I"C:\dataP\Tools\Eclipse\eclipseArduino\arduinoPlugin\packages\arduino\hardware\avr\1.6.9\cores\arduino" -I"C:\dataP\Tools\Eclipse\eclipseArduino\arduinoPlugin\packages\arduino\hardware\avr\1.6.9\variants\eightanaloginputs" -I"C:\dataP\ws_git\arduino-projects\libraries\Adafruit_NeoPixel" -MMD -MP -MF"core/WMath.cpp.d" -MT"core/WMath.cpp.o" -D__IN_ECLIPSE__=1 -x c++ "C:/dataP/Tools/Eclipse/eclipseArduino/arduinoPlugin/packages/arduino/hardware/avr/1.6.9/cores/arduino/WMath.cpp"  -o  "core/WMath.cpp.o"   -Wall
'Finished building: C:/dataP/Tools/Eclipse/eclipseArduino/arduinoPlugin/packages/arduino/hardware/avr/1.6.9/cores/arduino/WMath.cpp'
' '
'Building file: C:/dataP/Tools/Eclipse/eclipseArduino/arduinoPlugin/packages/arduino/hardware/avr/1.6.9/cores/arduino/WString.cpp'
'Starting C++ compile'
"C:\dataP\Tools\Eclipse\eclipseArduino\arduinoPlugin\tools\arduino\avr-gcc\4.8.1-arduino5/bin/avr-g++" -c -g -Os -std=gnu++11 -fno-exceptions -ffunction-sections -fdata-sections -fno-threadsafe-statics -MMD -mmcu=atmega328p -DF_CPU=16000000L -DARDUINO=10606 -DARDUINO_AVR_NANO -DARDUINO_ARCH_AVR     -I"C:\dataP\Tools\Eclipse\eclipseArduino\arduinoPlugin\packages\arduino\hardware\avr\1.6.9\cores\arduino" -I"C:\dataP\Tools\Eclipse\eclipseArduino\arduinoPlugin\packages\arduino\hardware\avr\1.6.9\variants\eightanaloginputs" -I"C:\dataP\ws_git\arduino-projects\libraries\Adafruit_NeoPixel" -MMD -MP -MF"core/WString.cpp.d" -MT"core/WString.cpp.o" -D__IN_ECLIPSE__=1 -x c++ "C:/dataP/Tools/Eclipse/eclipseArduino/arduinoPlugin/packages/arduino/hardware/avr/1.6.9/cores/arduino/WString.cpp"  -o  "core/WString.cpp.o"   -Wall
'Finished building: C:/dataP/Tools/Eclipse/eclipseArduino/arduinoPlugin/packages/arduino/hardware/avr/1.6.9/cores/arduino/WString.cpp'
' '
'Building file: C:/dataP/Tools/Eclipse/eclipseArduino/arduinoPlugin/packages/arduino/hardware/avr/1.6.9/cores/arduino/abi.cpp'
'Starting C++ compile'
"C:\dataP\Tools\Eclipse\eclipseArduino\arduinoPlugin\tools\arduino\avr-gcc\4.8.1-arduino5/bin/avr-g++" -c -g -Os -std=gnu++11 -fno-exceptions -ffunction-sections -fdata-sections -fno-threadsafe-statics -MMD -mmcu=atmega328p -DF_CPU=16000000L -DARDUINO=10606 -DARDUINO_AVR_NANO -DARDUINO_ARCH_AVR     -I"C:\dataP\Tools\Eclipse\eclipseArduino\arduinoPlugin\packages\arduino\hardware\avr\1.6.9\cores\arduino" -I"C:\dataP\Tools\Eclipse\eclipseArduino\arduinoPlugin\packages\arduino\hardware\avr\1.6.9\variants\eightanaloginputs" -I"C:\dataP\ws_git\arduino-projects\libraries\Adafruit_NeoPixel" -MMD -MP -MF"core/abi.cpp.d" -MT"core/abi.cpp.o" -D__IN_ECLIPSE__=1 -x c++ "C:/dataP/Tools/Eclipse/eclipseArduino/arduinoPlugin/packages/arduino/hardware/avr/1.6.9/cores/arduino/abi.cpp"  -o  "core/abi.cpp.o"   -Wall
'Finished building: C:/dataP/Tools/Eclipse/eclipseArduino/arduinoPlugin/packages/arduino/hardware/avr/1.6.9/cores/arduino/abi.cpp'
' '
'Building file: C:/dataP/Tools/Eclipse/eclipseArduino/arduinoPlugin/packages/arduino/hardware/avr/1.6.9/cores/arduino/hooks.c'
'Starting C compile'
"C:\dataP\Tools\Eclipse\eclipseArduino\arduinoPlugin\tools\arduino\avr-gcc\4.8.1-arduino5/bin/avr-gcc" -c -g -Os -std=gnu11 -ffunction-sections -fdata-sections -MMD -mmcu=atmega328p -DF_CPU=16000000L -DARDUINO=10606 -DARDUINO_AVR_NANO -DARDUINO_ARCH_AVR     -I"C:\dataP\Tools\Eclipse\eclipseArduino\arduinoPlugin\packages\arduino\hardware\avr\1.6.9\cores\arduino" -I"C:\dataP\Tools\Eclipse\eclipseArduino\arduinoPlugin\packages\arduino\hardware\avr\1.6.9\variants\eightanaloginputs" -I"C:\dataP\ws_git\arduino-projects\libraries\Adafruit_NeoPixel" -MMD -MP -MF"core/hooks.c.d" -MT"core/hooks.c.o" -D__IN_ECLIPSE__=1 "C:/dataP/Tools/Eclipse/eclipseArduino/arduinoPlugin/packages/arduino/hardware/avr/1.6.9/cores/arduino/hooks.c"  -o  "core/hooks.c.o"   -Wall
'Finished building: C:/dataP/Tools/Eclipse/eclipseArduino/arduinoPlugin/packages/arduino/hardware/avr/1.6.9/cores/arduino/hooks.c'
' '
'Building file: C:/dataP/Tools/Eclipse/eclipseArduino/arduinoPlugin/packages/arduino/hardware/avr/1.6.9/cores/arduino/main.cpp'
'Starting C++ compile'
"C:\dataP\Tools\Eclipse\eclipseArduino\arduinoPlugin\tools\arduino\avr-gcc\4.8.1-arduino5/bin/avr-g++" -c -g -Os -std=gnu++11 -fno-exceptions -ffunction-sections -fdata-sections -fno-threadsafe-statics -MMD -mmcu=atmega328p -DF_CPU=16000000L -DARDUINO=10606 -DARDUINO_AVR_NANO -DARDUINO_ARCH_AVR     -I"C:\dataP\Tools\Eclipse\eclipseArduino\arduinoPlugin\packages\arduino\hardware\avr\1.6.9\cores\arduino" -I"C:\dataP\Tools\Eclipse\eclipseArduino\arduinoPlugin\packages\arduino\hardware\avr\1.6.9\variants\eightanaloginputs" -I"C:\dataP\ws_git\arduino-projects\libraries\Adafruit_NeoPixel" -MMD -MP -MF"core/main.cpp.d" -MT"core/main.cpp.o" -D__IN_ECLIPSE__=1 -x c++ "C:/dataP/Tools/Eclipse/eclipseArduino/arduinoPlugin/packages/arduino/hardware/avr/1.6.9/cores/arduino/main.cpp"  -o  "core/main.cpp.o"   -Wall
'Finished building: C:/dataP/Tools/Eclipse/eclipseArduino/arduinoPlugin/packages/arduino/hardware/avr/1.6.9/cores/arduino/main.cpp'
' '
'Building file: C:/dataP/Tools/Eclipse/eclipseArduino/arduinoPlugin/packages/arduino/hardware/avr/1.6.9/cores/arduino/new.cpp'
'Starting C++ compile'
"C:\dataP\Tools\Eclipse\eclipseArduino\arduinoPlugin\tools\arduino\avr-gcc\4.8.1-arduino5/bin/avr-g++" -c -g -Os -std=gnu++11 -fno-exceptions -ffunction-sections -fdata-sections -fno-threadsafe-statics -MMD -mmcu=atmega328p -DF_CPU=16000000L -DARDUINO=10606 -DARDUINO_AVR_NANO -DARDUINO_ARCH_AVR     -I"C:\dataP\Tools\Eclipse\eclipseArduino\arduinoPlugin\packages\arduino\hardware\avr\1.6.9\cores\arduino" -I"C:\dataP\Tools\Eclipse\eclipseArduino\arduinoPlugin\packages\arduino\hardware\avr\1.6.9\variants\eightanaloginputs" -I"C:\dataP\ws_git\arduino-projects\libraries\Adafruit_NeoPixel" -MMD -MP -MF"core/new.cpp.d" -MT"core/new.cpp.o" -D__IN_ECLIPSE__=1 -x c++ "C:/dataP/Tools/Eclipse/eclipseArduino/arduinoPlugin/packages/arduino/hardware/avr/1.6.9/cores/arduino/new.cpp"  -o  "core/new.cpp.o"   -Wall
'Finished building: C:/dataP/Tools/Eclipse/eclipseArduino/arduinoPlugin/packages/arduino/hardware/avr/1.6.9/cores/arduino/new.cpp'
' '
'Building file: C:/dataP/Tools/Eclipse/eclipseArduino/arduinoPlugin/packages/arduino/hardware/avr/1.6.9/cores/arduino/wiring.c'
'Starting C compile'
"C:\dataP\Tools\Eclipse\eclipseArduino\arduinoPlugin\tools\arduino\avr-gcc\4.8.1-arduino5/bin/avr-gcc" -c -g -Os -std=gnu11 -ffunction-sections -fdata-sections -MMD -mmcu=atmega328p -DF_CPU=16000000L -DARDUINO=10606 -DARDUINO_AVR_NANO -DARDUINO_ARCH_AVR     -I"C:\dataP\Tools\Eclipse\eclipseArduino\arduinoPlugin\packages\arduino\hardware\avr\1.6.9\cores\arduino" -I"C:\dataP\Tools\Eclipse\eclipseArduino\arduinoPlugin\packages\arduino\hardware\avr\1.6.9\variants\eightanaloginputs" -I"C:\dataP\ws_git\arduino-projects\libraries\Adafruit_NeoPixel" -MMD -MP -MF"core/wiring.c.d" -MT"core/wiring.c.o" -D__IN_ECLIPSE__=1 "C:/dataP/Tools/Eclipse/eclipseArduino/arduinoPlugin/packages/arduino/hardware/avr/1.6.9/cores/arduino/wiring.c"  -o  "core/wiring.c.o"   -Wall
'Finished building: C:/dataP/Tools/Eclipse/eclipseArduino/arduinoPlugin/packages/arduino/hardware/avr/1.6.9/cores/arduino/wiring.c'
' '
'Building file: C:/dataP/Tools/Eclipse/eclipseArduino/arduinoPlugin/packages/arduino/hardware/avr/1.6.9/cores/arduino/wiring_analog.c'
'Starting C compile'
"C:\dataP\Tools\Eclipse\eclipseArduino\arduinoPlugin\tools\arduino\avr-gcc\4.8.1-arduino5/bin/avr-gcc" -c -g -Os -std=gnu11 -ffunction-sections -fdata-sections -MMD -mmcu=atmega328p -DF_CPU=16000000L -DARDUINO=10606 -DARDUINO_AVR_NANO -DARDUINO_ARCH_AVR     -I"C:\dataP\Tools\Eclipse\eclipseArduino\arduinoPlugin\packages\arduino\hardware\avr\1.6.9\cores\arduino" -I"C:\dataP\Tools\Eclipse\eclipseArduino\arduinoPlugin\packages\arduino\hardware\avr\1.6.9\variants\eightanaloginputs" -I"C:\dataP\ws_git\arduino-projects\libraries\Adafruit_NeoPixel" -MMD -MP -MF"core/wiring_analog.c.d" -MT"core/wiring_analog.c.o" -D__IN_ECLIPSE__=1 "C:/dataP/Tools/Eclipse/eclipseArduino/arduinoPlugin/packages/arduino/hardware/avr/1.6.9/cores/arduino/wiring_analog.c"  -o  "core/wiring_analog.c.o"   -Wall
'Finished building: C:/dataP/Tools/Eclipse/eclipseArduino/arduinoPlugin/packages/arduino/hardware/avr/1.6.9/cores/arduino/wiring_analog.c'
' '
'Building file: C:/dataP/Tools/Eclipse/eclipseArduino/arduinoPlugin/packages/arduino/hardware/avr/1.6.9/cores/arduino/wiring_digital.c'
'Starting C compile'
"C:\dataP\Tools\Eclipse\eclipseArduino\arduinoPlugin\tools\arduino\avr-gcc\4.8.1-arduino5/bin/avr-gcc" -c -g -Os -std=gnu11 -ffunction-sections -fdata-sections -MMD -mmcu=atmega328p -DF_CPU=16000000L -DARDUINO=10606 -DARDUINO_AVR_NANO -DARDUINO_ARCH_AVR     -I"C:\dataP\Tools\Eclipse\eclipseArduino\arduinoPlugin\packages\arduino\hardware\avr\1.6.9\cores\arduino" -I"C:\dataP\Tools\Eclipse\eclipseArduino\arduinoPlugin\packages\arduino\hardware\avr\1.6.9\variants\eightanaloginputs" -I"C:\dataP\ws_git\arduino-projects\libraries\Adafruit_NeoPixel" -MMD -MP -MF"core/wiring_digital.c.d" -MT"core/wiring_digital.c.o" -D__IN_ECLIPSE__=1 "C:/dataP/Tools/Eclipse/eclipseArduino/arduinoPlugin/packages/arduino/hardware/avr/1.6.9/cores/arduino/wiring_digital.c"  -o  "core/wiring_digital.c.o"   -Wall
'Finished building: C:/dataP/Tools/Eclipse/eclipseArduino/arduinoPlugin/packages/arduino/hardware/avr/1.6.9/cores/arduino/wiring_digital.c'
' '
'Building file: C:/dataP/Tools/Eclipse/eclipseArduino/arduinoPlugin/packages/arduino/hardware/avr/1.6.9/cores/arduino/wiring_pulse.S'
'Starting S compile'
"C:\dataP\Tools\Eclipse\eclipseArduino\arduinoPlugin\tools\arduino\avr-gcc\4.8.1-arduino5/bin/avr-gcc" -c -g -x assembler-with-cpp -mmcu=atmega328p -DF_CPU=16000000L -DARDUINO=10606 -DARDUINO_AVR_NANO -DARDUINO_ARCH_AVR     -MMD -MP -MF"core/wiring_pulse.S.d" -MT"core/wiring_pulse.S.o" -D__IN_ECLIPSE__=1 "C:/dataP/Tools/Eclipse/eclipseArduino/arduinoPlugin/packages/arduino/hardware/avr/1.6.9/cores/arduino/wiring_pulse.S"  -o  "core/wiring_pulse.S.o"   -Wall
'Finished building: C:/dataP/Tools/Eclipse/eclipseArduino/arduinoPlugin/packages/arduino/hardware/avr/1.6.9/cores/arduino/wiring_pulse.S'
' '
'Building file: C:/dataP/Tools/Eclipse/eclipseArduino/arduinoPlugin/packages/arduino/hardware/avr/1.6.9/cores/arduino/wiring_pulse.c'
'Starting C compile'
"C:\dataP\Tools\Eclipse\eclipseArduino\arduinoPlugin\tools\arduino\avr-gcc\4.8.1-arduino5/bin/avr-gcc" -c -g -Os -std=gnu11 -ffunction-sections -fdata-sections -MMD -mmcu=atmega328p -DF_CPU=16000000L -DARDUINO=10606 -DARDUINO_AVR_NANO -DARDUINO_ARCH_AVR     -I"C:\dataP\Tools\Eclipse\eclipseArduino\arduinoPlugin\packages\arduino\hardware\avr\1.6.9\cores\arduino" -I"C:\dataP\Tools\Eclipse\eclipseArduino\arduinoPlugin\packages\arduino\hardware\avr\1.6.9\variants\eightanaloginputs" -I"C:\dataP\ws_git\arduino-projects\libraries\Adafruit_NeoPixel" -MMD -MP -MF"core/wiring_pulse.c.d" -MT"core/wiring_pulse.c.o" -D__IN_ECLIPSE__=1 "C:/dataP/Tools/Eclipse/eclipseArduino/arduinoPlugin/packages/arduino/hardware/avr/1.6.9/cores/arduino/wiring_pulse.c"  -o  "core/wiring_pulse.c.o"   -Wall
'Finished building: C:/dataP/Tools/Eclipse/eclipseArduino/arduinoPlugin/packages/arduino/hardware/avr/1.6.9/cores/arduino/wiring_pulse.c'
' '
'Building file: C:/dataP/Tools/Eclipse/eclipseArduino/arduinoPlugin/packages/arduino/hardware/avr/1.6.9/cores/arduino/wiring_shift.c'
'Starting C compile'
"C:\dataP\Tools\Eclipse\eclipseArduino\arduinoPlugin\tools\arduino\avr-gcc\4.8.1-arduino5/bin/avr-gcc" -c -g -Os -std=gnu11 -ffunction-sections -fdata-sections -MMD -mmcu=atmega328p -DF_CPU=16000000L -DARDUINO=10606 -DARDUINO_AVR_NANO -DARDUINO_ARCH_AVR     -I"C:\dataP\Tools\Eclipse\eclipseArduino\arduinoPlugin\packages\arduino\hardware\avr\1.6.9\cores\arduino" -I"C:\dataP\Tools\Eclipse\eclipseArduino\arduinoPlugin\packages\arduino\hardware\avr\1.6.9\variants\eightanaloginputs" -I"C:\dataP\ws_git\arduino-projects\libraries\Adafruit_NeoPixel" -MMD -MP -MF"core/wiring_shift.c.d" -MT"core/wiring_shift.c.o" -D__IN_ECLIPSE__=1 "C:/dataP/Tools/Eclipse/eclipseArduino/arduinoPlugin/packages/arduino/hardware/avr/1.6.9/cores/arduino/wiring_shift.c"  -o  "core/wiring_shift.c.o"   -Wall
'Finished building: C:/dataP/Tools/Eclipse/eclipseArduino/arduinoPlugin/packages/arduino/hardware/avr/1.6.9/cores/arduino/wiring_shift.c'
' '
'Starting archiver'
"C:\dataP\Tools\Eclipse\eclipseArduino\arduinoPlugin\tools\arduino\avr-gcc\4.8.1-arduino5/bin/avr-ar" rcs  "C:/dataP/ws_git/donut_heaven/Arduino/DonutHeaven/Release/arduino.ar"    arduino.ar  ./core/CDC.cpp.o ./core/HardwareSerial.cpp.o ./core/HardwareSerial0.cpp.o ./core/HardwareSerial1.cpp.o ./core/HardwareSerial2.cpp.o ./core/HardwareSerial3.cpp.o ./core/IPAddress.cpp.o ./core/PluggableUSB.cpp.o ./core/Print.cpp.o ./core/Stream.cpp.o ./core/Tone.cpp.o ./core/USBCore.cpp.o ./core/WInterrupts.c.o ./core/WMath.cpp.o ./core/WString.cpp.o ./core/abi.cpp.o ./core/hooks.c.o ./core/main.cpp.o ./core/new.cpp.o ./core/wiring.c.o ./core/wiring_analog.c.o ./core/wiring_digital.c.o ./core/wiring_pulse.S.o ./core/wiring_pulse.c.o ./core/wiring_shift.c.o 
'Finished building: arduino.ar'
' '
'Starting combiner'
"C:\dataP\Tools\Eclipse\eclipseArduino\arduinoPlugin\tools\arduino\avr-gcc\4.8.1-arduino5/bin/avr-gcc" -Os -Wl,--gc-sections -mmcu=atmega328p  -o "C:/dataP/ws_git/donut_heaven/Arduino/DonutHeaven/Release/DonutHeaven.elf"    ./.ino.cpp.o ./DonutHeaven.cpp.o  ./libraries/Adafruit_NeoPixel/Adafruit_NeoPixel.cpp.o ./libraries/Adafruit_NeoPixel/esp8266.c.o   arduino.ar     "-LC:/dataP/ws_git/donut_heaven/Arduino/DonutHeaven/Release" -lm
'Finished building: DonutHeaven.elf'
' '
'Create eeprom image'
"C:\dataP\Tools\Eclipse\eclipseArduino\arduinoPlugin\tools\arduino\avr-gcc\4.8.1-arduino5/bin/avr-objcopy" -O ihex -j .eeprom --set-section-flags=.eeprom=alloc,load --no-change-warnings --change-section-lma .eeprom=0  "C:/dataP/ws_git/donut_heaven/Arduino/DonutHeaven/Release/DonutHeaven.elf" "C:/dataP/ws_git/donut_heaven/Arduino/DonutHeaven/Release/DonutHeaven.eep"
'Finished building: DonutHeaven.eep'
' '
'Create Flash image (ihex format)'
"C:\dataP\Tools\Eclipse\eclipseArduino\arduinoPlugin\tools\arduino\avr-gcc\4.8.1-arduino5/bin/avr-objcopy" -O ihex -R .eeprom  "C:/dataP/ws_git/donut_heaven/Arduino/DonutHeaven/Release/DonutHeaven.elf" "C:/dataP/ws_git/donut_heaven/Arduino/DonutHeaven/Release/DonutHeaven.hex"
'Finished building: DonutHeaven.hex'
' '
'Building target: DonutHeaven'
'Printing size:'
"C:\dataP\Tools\Eclipse\eclipseArduino\arduinoPlugin\tools\arduino\avr-gcc\4.8.1-arduino5/bin/avr-size" -A "C:/dataP/ws_git/donut_heaven/Arduino/DonutHeaven/Release/DonutHeaven.elf"
C:/dataP/ws_git/donut_heaven/Arduino/DonutHeaven/Release/DonutHeaven.elf  :
section           size      addr
.data               24   8388864
.text             5966         0
.bss                78   8388888
.comment            17         0
.debug_aranges     784         0
.debug_info      16831         0
.debug_abbrev     3909         0
.debug_line       5749         0
.debug_frame      2356         0
.debug_str        4523         0
.debug_loc       11868         0
.debug_ranges      744         0
Total            52849


'Finished building target: DonutHeaven'
' '
18:29:52 **** Incremental Build of configuration Release for project DonutHeaven ****
"C:\\dataP\\Tools\\Eclipse\\eclipseArduino\\arduinoPlugin\\tools\\make\\make" all 
'Building target: DonutHeaven'
'Printing size:'
"C:\dataP\Tools\Eclipse\eclipseArduino\arduinoPlugin\tools\arduino\avr-gcc\4.8.1-arduino5/bin/avr-size" -A "C:/dataP/ws_git/donut_heaven/Arduino/DonutHeaven/Release/DonutHeaven.elf"
C:/dataP/ws_git/donut_heaven/Arduino/DonutHeaven/Release/DonutHeaven.elf  :
section           size      addr
.data               24   8388864
.text             5966         0
.bss                78   8388888
.comment            17         0
.debug_aranges     784         0
.debug_info      16831         0
.debug_abbrev     3909         0
.debug_line       5749         0
.debug_frame      2356         0
.debug_str        4523         0
.debug_loc       11868         0
.debug_ranges      744         0
Total            52849


'Finished building target: DonutHeaven'
' '
18:30:38 **** Incremental Build of configuration Release for project DonutHeaven ****
"C:\\dataP\\Tools\\Eclipse\\eclipseArduino\\arduinoPlugin\\tools\\make\\make" all 
'Building target: DonutHeaven'
'Printing size:'
"C:\dataP\Tools\Eclipse\eclipseArduino\arduinoPlugin\tools\arduino\avr-gcc\4.8.1-arduino5/bin/avr-size" -A "C:/dataP/ws_git/donut_heaven/Arduino/DonutHeaven/Release/DonutHeaven.elf"
C:/dataP/ws_git/donut_heaven/Arduino/DonutHeaven/Release/DonutHeaven.elf  :
section           size      addr
.data               24   8388864
.text             5966         0
.bss                78   8388888
.comment            17         0
.debug_aranges     784         0
.debug_info      16831         0
.debug_abbrev     3909         0
.debug_line       5749         0
.debug_frame      2356         0
.debug_str        4523         0
.debug_loc       11868         0
.debug_ranges      744         0
Total            52849


'Finished building target: DonutHeaven'
' '
